2023-06-02 21:22:34[ INFO ]>>queryUserList用户列表查询测试成功
2023-06-02 21:22:52[ INFO ]>>qselectUserInfo用户登录测试成功
2023-06-02 21:23:13[ INFO ]>>insert用户插入测试成功
2023-06-02 21:28:57[ INFO ]>>delete用户删除测试成功
2023-06-02 23:14:26[ INFO ]>>insert用户插入测试成功
2023-06-02 23:15:16[ INFO ]>>queryUserList用户列表查询测试成功
2023-06-05 20:31:32[ INFO ]>>insert用户插入测试成功
2023-06-05 20:32:22[ INFO ]>>queryUserList用户列表查询测试成功
2023-06-05 20:46:13[ INFO ]>>insert用户插入测试成功
2023-06-05 20:47:03[ INFO ]>>queryUserList用户列表查询测试成功
2023-06-05 20:49:35[ INFO ]>>insert用户插入测试成功
2023-06-05 20:50:25[ INFO ]>>queryUserList用户列表查询测试成功
2023-06-05 20:51:39[ INFO ]>>insert用户插入测试成功
2023-06-05 20:52:30[ INFO ]>>queryUserList用户列表查询测试成功
2023-06-05 20:54:54[ INFO ]>>insert用户插入测试成功
2023-06-05 20:55:45[ INFO ]>>queryUserList用户列表查询测试成功
2023-06-05 21:04:06[ INFO ]>>insert用户插入测试成功
2023-06-05 21:04:56[ INFO ]>>queryUserList用户列表查询测试成功
2023-06-05 21:07:08[ INFO ]>>insert用户插入测试成功
2023-06-05 21:07:08[ INFO ]>>queryUserList用户列表查询测试成功
2023-06-19 18:39:39[ INFO ]>>insert项目插入测试成功
2023-06-19 18:39:39[ INFO ]>>queryProjectList项目列表查询测试成功
2023-06-19 18:41:28[ INFO ]>>insert项目插入测试成功
2023-06-19 18:41:28[ INFO ]>>queryProjectList项目列表查询测试成功
2023-06-19 18:42:08[ INFO ]>>insert项目插入测试成功
2023-06-19 18:42:08[ INFO ]>>queryProjectList项目列表查询测试成功
2023-06-19 18:42:53[ INFO ]>>insert项目插入测试成功
2023-06-19 18:42:53[ INFO ]>>queryProjectList项目列表查询测试成功
2023-06-19 18:49:48[ INFO ]>>insert项目插入测试成功
2023-06-19 18:49:48[ INFO ]>>queryProjectList项目列表查询测试成功
2023-06-19 18:50:33[ INFO ]>>insert项目插入测试成功
2023-06-19 18:50:33[ INFO ]>>queryProjectList项目列表查询测试成功
2023-06-19 19:01:36[ INFO ]>>insert用户插入测试成功
2023-06-19 19:01:37[ INFO ]>>queryUserList用户列表查询测试成功
2023-06-19 19:02:03[ INFO ]>>insert用户插入测试成功
2023-06-19 19:02:04[ INFO ]>>queryUserList用户列表查询测试成功
